0 info it worked if it ends with ok
1 verbose cli [ 'node', '/usr/local/bin/npm', 'install' ]
2 info using npm@1.3.11
3 info using node@v0.10.21
4 warn package.json ChatServer@0.0.0 No repository field.
5 verbose readDependencies using package.json deps
6 verbose install where, deps [ '/Users/ajblock/Documents/ChatServer',
6 verbose install   [ 'express', 'socket.io', 'drywall' ] ]
7 info preinstall ChatServer@0.0.0
8 verbose readDependencies using package.json deps
9 verbose cache add [ 'drywall@*', null ]
10 verbose cache add name=undefined spec="drywall@*" args=["drywall@*",null]
11 verbose parsed url { protocol: null,
11 verbose parsed url   slashes: null,
11 verbose parsed url   auth: null,
11 verbose parsed url   host: null,
11 verbose parsed url   port: null,
11 verbose parsed url   hostname: null,
11 verbose parsed url   hash: null,
11 verbose parsed url   search: null,
11 verbose parsed url   query: null,
11 verbose parsed url   pathname: 'drywall@*',
11 verbose parsed url   path: 'drywall@*',
11 verbose parsed url   href: 'drywall@*' }
12 verbose cache add name="drywall" spec="*" args=["drywall","*"]
13 verbose parsed url { protocol: null,
13 verbose parsed url   slashes: null,
13 verbose parsed url   auth: null,
13 verbose parsed url   host: null,
13 verbose parsed url   port: null,
13 verbose parsed url   hostname: null,
13 verbose parsed url   hash: null,
13 verbose parsed url   search: null,
13 verbose parsed url   query: null,
13 verbose parsed url   pathname: '*',
13 verbose parsed url   path: '*',
13 verbose parsed url   href: '*' }
14 verbose addNamed [ 'drywall', '*' ]
15 verbose addNamed [ null, '*' ]
16 verbose already installed skipping socket.io@* /Users/ajblock/Documents/ChatServer
17 verbose already installed skipping express@* /Users/ajblock/Documents/ChatServer
18 silly lockFile 3293ef6a-drywall drywall@*
19 verbose lock drywall@* /Users/ajblock/.npm/3293ef6a-drywall.lock
20 silly addNameRange { name: 'drywall', range: '*', hasData: false }
21 verbose url raw drywall
22 verbose url resolving [ 'https://registry.npmjs.org/', './drywall' ]
23 verbose url resolved https://registry.npmjs.org/drywall
24 info trying registry request attempt 1 at 15:31:52
25 http GET https://registry.npmjs.org/drywall
26 http 404 https://registry.npmjs.org/drywall
27 silly registry.get cb [ 404,
27 silly registry.get   { server: 'CouchDB/1.5.0 (Erlang OTP/R15B03)',
27 silly registry.get     date: 'Sun, 01 Dec 2013 20:31:53 GMT',
27 silly registry.get     'content-type': 'application/json',
27 silly registry.get     'content-length': '52',
27 silly registry.get     'cache-control': 'must-revalidate' } ]
28 silly lockFile 3293ef6a-drywall drywall@*
29 silly lockFile 3293ef6a-drywall drywall@*
30 error 404 'drywall' is not in the npm registry.
30 error 404 You should bug the author to publish it
30 error 404
30 error 404 Note that you can also install from a
30 error 404 tarball, folder, or http url, or git url.
31 error System Darwin 13.0.0
32 error command "node" "/usr/local/bin/npm" "install"
33 error cwd /Users/ajblock/Documents/ChatServer
34 error node -v v0.10.21
35 error npm -v 1.3.11
36 error code E404
37 verbose exit [ 1, true ]
